Printing the Errors and Warnings 
[INFO] Optimised build. O2DEBUG / LOG(debug) / LOGF(debug) / assert statement will not be shown.
[169866:internal-dpl-aod-global-analysis-file-sink]: [02:28:56][ERROR] Cannot read class info from buffer.
[169867:occupancy-table-consumer]: [02:29:15][INFO] DEBUG :: df_1 :: DF_2404765322661632
[169867:occupancy-table-consumer]: [02:29:15][INFO] DEBUG :: df_1 :: BCs.size()           = 52547
[169867:occupancy-table-consumer]: [02:29:15][INFO] DEBUG :: df_1 :: occTables.size()     = 5
[169867:occupancy-table-consumer]: [02:29:15][INFO] DEBUG :: df_1 :: collisions.size()    = 245
[169867:occupancy-table-consumer]: [02:29:15][INFO] DEBUG :: df_1 :: tracks.size()        = 538795
[169867:occupancy-table-consumer]: [02:29:15][INFO] DEBUG :: df_1 :: tracksQA.size()      = 433179
[169867:occupancy-table-consumer]: [02:29:15][INFO] DEBUG :: df_1 :: trackMeanOccs.size() = 426112
[169867:occupancy-table-consumer]: [02:29:15][INFO] DEBUG :: 1 :: myOccTrack.trackId() = 708 :: track.globalIndex() = 708 :: occ1 2119.29 :: occ2 2163.85 :: occ3 2064.33 :: occ4 2107.01
[169867:occupancy-table-consumer]: [02:29:15][INFO] DEBUG :: 2 :: myOccTrack.trackId() = 709 :: track.globalIndex() = 709 :: occ1 1835 :: occ2 1869.81 :: occ3 1835 :: occ4 1869.81
[169867:occupancy-table-consumer]: [02:29:15][INFO] DEBUG :: 3 :: myOccTrack.trackId() = 710 :: track.globalIndex() = 710 :: occ1 2233 :: occ2 2281.47 :: occ3 2233 :: occ4 2281.47
[169867:occupancy-table-consumer]: [02:29:15][INFO] DEBUG :: 4 :: myOccTrack.trackId() = 711 :: track.globalIndex() = 711 :: occ1 1560.26 :: occ2 1587.37 :: occ3 1759.62 :: occ4 1793.06
[169867:occupancy-table-consumer]: [02:29:15][INFO] DEBUG :: 5 :: myOccTrack.trackId() = 712 :: track.globalIndex() = 712 :: occ1 2183.25 :: occ2 2230.01 :: occ3 2149.59 :: occ4 2195.2
[169867:occupancy-table-consumer]: [02:29:15][INFO] DEBUG :: 6 :: myOccTrack.trackId() = 713 :: track.globalIndex() = 713 :: occ1 1656.37 :: occ2 1686.53 :: occ3 1835.81 :: occ4 1871.66
[169867:occupancy-table-consumer]: [02:29:15][INFO] DEBUG :: 7 :: myOccTrack.trackId() = 714 :: track.globalIndex() = 714 :: occ1 2233 :: occ2 2281.47 :: occ3 2233 :: occ4 2281.47
[169867:occupancy-table-consumer]: [02:29:15][INFO] DEBUG :: 8 :: myOccTrack.trackId() = 715 :: track.globalIndex() = 715 :: occ1 1848.58 :: occ2 1884.84 :: occ3 1978.7 :: occ4 2019.09
[169867:occupancy-table-consumer]: [02:29:15][INFO] DEBUG :: 9 :: myOccTrack.trackId() = 716 :: track.globalIndex() = 716 :: occ1 1776.5 :: occ2 1810.47 :: occ3 1926.11 :: occ4 1964.84
[169867:occupancy-table-consumer]: [02:29:19][INFO] DEBUG :: df_2 :: DF_2404765322682112
[169867:occupancy-table-consumer]: [02:29:19][INFO] DEBUG :: df_2 :: BCs.size()           = 41715
[169867:occupancy-table-consumer]: [02:29:19][INFO] DEBUG :: df_2 :: occTables.size()     = 4
[169867:occupancy-table-consumer]: [02:29:19][INFO] DEBUG :: df_2 :: collisions.size()    = 201
[169867:occupancy-table-consumer]: [02:29:19][INFO] DEBUG :: df_2 :: tracks.size()        = 542496
[169867:occupancy-table-consumer]: [02:29:19][INFO] DEBUG :: df_2 :: tracksQA.size()      = 436243
[169867:occupancy-table-consumer]: [02:29:19][INFO] DEBUG :: df_2 :: trackMeanOccs.size() = 428970
[169867:occupancy-table-consumer]: [02:29:23][INFO] DEBUG :: df_3 :: DF_2404765322688832
[169867:occupancy-table-consumer]: [02:29:23][INFO] DEBUG :: df_3 :: BCs.size()           = 42069
[169867:occupancy-table-consumer]: [02:29:23][INFO] DEBUG :: df_3 :: occTables.size()     = 4
[169867:occupancy-table-consumer]: [02:29:23][INFO] DEBUG :: df_3 :: collisions.size()    = 218
[169867:occupancy-table-consumer]: [02:29:23][INFO] DEBUG :: df_3 :: tracks.size()        = 537731
[169867:occupancy-table-consumer]: [02:29:23][INFO] DEBUG :: df_3 :: tracksQA.size()      = 434452
[169867:occupancy-table-consumer]: [02:29:23][INFO] DEBUG :: df_3 :: trackMeanOccs.size() = 424536
[169867:occupancy-table-consumer]: [02:29:27][INFO] DEBUG :: df_4 :: DF_2404765322708832
[169867:occupancy-table-consumer]: [02:29:27][INFO] DEBUG :: df_4 :: BCs.size()           = 41922
[169867:occupancy-table-consumer]: [02:29:27][INFO] DEBUG :: df_4 :: occTables.size()     = 4
[169867:occupancy-table-consumer]: [02:29:27][INFO] DEBUG :: df_4 :: collisions.size()    = 218
[169867:occupancy-table-consumer]: [02:29:27][INFO] DEBUG :: df_4 :: tracks.size()        = 456381
[169867:occupancy-table-consumer]: [02:29:27][INFO] DEBUG :: df_4 :: tracksQA.size()      = 367065
[169867:occupancy-table-consumer]: [02:29:27][INFO] DEBUG :: df_4 :: trackMeanOccs.size() = 361518
Wed Mar 5 02:27:34 AM IST 2025
Wed Mar  5 02:29:27 AM IST 2025
